<?xml version="1.0" encoding="UTF-8"?>
<testsuite xmlns:xsi="http://www.w3.org/2001/XMLSchema-instance" xsi:noNamespaceSchemaLocation="https://maven.apache.org/surefire/maven-surefire-plugin/xsd/surefire-test-report-3.0.xsd" version="3.0" name="TestSuite" time="31.071" tests="1" errors="0" skipped="0" failures="0">
  <properties>
[...]
</properties>
  <testcase name="runScenario[&quot;Search for tomato homepage and offer page&quot;, &quot;Place order for vegetable&quot;](1)" classname="cucumberOptions.TestNGRunner" time="28.909">
    <system-out><![CDATA[
@PlaceOrder
Scenario: Search for tomato homepage and offer page                                     # src/test/java/features/checkout.feature:15
  Given Verify user is on greencart landing page                                        # stepDefinitions.landingpageStepDefiniton.verify_user_is_on_greencart_landing_page()
--Product Name extracted from landing page-- : Cauliflower
  When User search with short name Cauliflower and extracted the actual name of product # stepDefinitions.landingpageStepDefiniton.user_search_with_short_name_and_extracted_the_actual_name_of_product(java.lang.String)
  And Add "3" items of the selected product to cart                                     # stepDefinitions.landingpageStepDefiniton.Add_3_items_of_the_selected_product_to_cart(java.lang.String)
  Then User proceed to checkout and validate the Cauliflower items in checkout page     # stepDefinitions.chechoutStepDefiniton.User_proceed_to_checkout_and_validate_the_name_items_in_checkout_page(java.lang.String)
  And verify the user has ability to enter promo code and place the order               # stepDefinitions.chechoutStepDefiniton.verify_the_user_has_ability_to_enter_promo_code_and_place_the_order()
]]></system-out>
    <system-err><![CDATA[SLF4J: Failed to load class "org.slf4j.impl.StaticLoggerBinder".
SLF4J: Defaulting to no-operation (NOP) logger implementation
SLF4J: See http://www.slf4j.org/codes.html#StaticLoggerBinder for further details.
Starting ChromeDriver 121.0.6167.85 (3f98d690ad7e59242ef110144c757b2ac4eef1a2-refs/branch-heads/6167@{#1539}) on port 30448
Only local connections are allowed.
Please see https://chromedriver.chromium.org/security-considerations for suggestions on keeping ChromeDriver safe.
ChromeDriver was started successfully.
Feb 01, 2024 12:48:34 PM org.openqa.selenium.remote.ProtocolHandshake createSession
INFO: Detected dialect: W3C
]]></system-err>
  </testcase>
</testsuite>